-------------------------------------------------------------------------------
Test set: hn.com.tigo.josm.orchestrator.da.driver.test.AllTest
-------------------------------------------------------------------------------
Tests run: 11, Failures: 3, Errors: 4, Skipped: 0, Time elapsed: 9.849 sec <<< FAILURE! - in hn.com.tigo.josm.orchestrator.da.driver.test.AllTest
test(hn.com.tigo.josm.orchestrator.da.driver.test.GetMPOperationTest)  Time elapsed: 0.162 sec  <<< FAILURE!
java.lang.AssertionError: Check the status of service rest of DAGetCardInfoByClientApi.
	at org.junit.Assert.fail(Assert.java:88)
	at hn.com.tigo.josm.orchestrator.da.driver.test.GetMPOperationTest.test(GetMPOperationTest.java:29)

testErr(hn.com.tigo.josm.orchestrator.da.driver.test.CreateMPOperationTest)  Time elapsed: 0.161 sec  <<< ERROR!
org.json.JSONException: A JSONObject text must begin with '{' at 1 [character 2 line 1]
	at org.json.JSONTokener.syntaxError(JSONTokener.java:505)
	at org.json.JSONObject.<init>(JSONObject.java:214)
	at org.json.JSONObject.<init>(JSONObject.java:357)
	at hn.com.tigo.josm.orchestrator.da.driver.operations.CreateMPOperation.execute(CreateMPOperation.java:54)
	at hn.com.tigo.josm.orchestrator.da.driver.core.DADriver.executeDriver(DADriver.java:46)
	at hn.com.tigo.josm.orchestrator.da.driver.test.CreateMPOperationTest.testErr(CreateMPOperationTest.java:37)

test(hn.com.tigo.josm.orchestrator.da.driver.test.CreateMPOperationTest)  Time elapsed: 0.156 sec  <<< ERROR!
org.json.JSONException: A JSONObject text must begin with '{' at 1 [character 2 line 1]
	at org.json.JSONTokener.syntaxError(JSONTokener.java:505)
	at org.json.JSONObject.<init>(JSONObject.java:214)
	at org.json.JSONObject.<init>(JSONObject.java:357)
	at hn.com.tigo.josm.orchestrator.da.driver.operations.CreateMPOperation.execute(CreateMPOperation.java:54)
	at hn.com.tigo.josm.orchestrator.da.driver.core.DADriver.executeDriver(DADriver.java:46)
	at hn.com.tigo.josm.orchestrator.da.driver.test.CreateMPOperationTest.test(CreateMPOperationTest.java:25)

test(hn.com.tigo.josm.orchestrator.da.driver.test.CreateIncluAndExcluOperationTest)  Time elapsed: 0.17 sec  <<< FAILURE!
java.lang.AssertionError: A JSONObject text must begin with '{' at 1 [character 2 line 1]
	at org.junit.Assert.fail(Assert.java:88)
	at hn.com.tigo.josm.orchestrator.da.driver.test.CreateIncluAndExcluOperationTest.test(CreateIncluAndExcluOperationTest.java:29)

testError(hn.com.tigo.josm.orchestrator.da.driver.test.UpdateMPOperationTest)  Time elapsed: 0.157 sec  <<< ERROR!
org.json.JSONException: A JSONObject text must begin with '{' at 1 [character 2 line 1]
	at org.json.JSONTokener.syntaxError(JSONTokener.java:505)
	at org.json.JSONObject.<init>(JSONObject.java:214)
	at org.json.JSONObject.<init>(JSONObject.java:357)
	at hn.com.tigo.josm.orchestrator.da.driver.operations.UpdateMPOperation.execute(UpdateMPOperation.java:54)
	at hn.com.tigo.josm.orchestrator.da.driver.core.DADriver.executeDriver(DADriver.java:46)
	at hn.com.tigo.josm.orchestrator.da.driver.test.UpdateMPOperationTest.testError(UpdateMPOperationTest.java:37)

test(hn.com.tigo.josm.orchestrator.da.driver.test.UpdateMPOperationTest)  Time elapsed: 0.159 sec  <<< ERROR!
org.json.JSONException: A JSONObject text must begin with '{' at 1 [character 2 line 1]
	at org.json.JSONTokener.syntaxError(JSONTokener.java:505)
	at org.json.JSONObject.<init>(JSONObject.java:214)
	at org.json.JSONObject.<init>(JSONObject.java:357)
	at hn.com.tigo.josm.orchestrator.da.driver.operations.UpdateMPOperation.execute(UpdateMPOperation.java:54)
	at hn.com.tigo.josm.orchestrator.da.driver.core.DADriver.executeDriver(DADriver.java:46)
	at hn.com.tigo.josm.orchestrator.da.driver.test.UpdateMPOperationTest.test(UpdateMPOperationTest.java:25)

test(hn.com.tigo.josm.orchestrator.da.driver.test.AccountDeleteOperationTest)  Time elapsed: 0.168 sec  <<< FAILURE!
java.lang.AssertionError: A JSONObject text must begin with '{' at 1 [character 2 line 1]
	at org.junit.Assert.fail(Assert.java:88)
	at hn.com.tigo.josm.orchestrator.da.driver.test.AccountDeleteOperationTest.test(AccountDeleteOperationTest.java:29)

